<?xml version="1.0" encoding="UTF-8"?>
<!-- Generated by org.testng.reporters.JUnitXMLReporter -->
<testsuite ignored="0" hostname="DESKTOP-8HBP6N5" failures="0" tests="10" name="Surefire test" time="0.067" errors="0" timestamp="2024-05-17T16:24:09 EDT">
  <testcase classname="testpackage.TVOLearnTests" name="@BeforeMethod initSetup" time="-1.715977448939E9">
    <failure type="org.testng.TestNGException" message="
Parameter &amp;apos;browserName&amp;apos; is required by BeforeMethod on method initSetup but has not been marked @Optional or defined
">
      <![CDATA[org.testng.TestNGException: 
Parameter 'browserName' is required by BeforeMethod on method initSetup but has not been marked @Optional or defined

at java.base/java.util.ArrayList.forEach(ArrayList.java:1511)
... Removed 33 stack frames]]>
    </failure>
  </testcase> <!-- @BeforeMethod initSetup -->
  <testcase classname="testpackage.TVOLearnTests" name="@AfterMethod tearDown" time="-1.715977448963E9">
    <skipped/>
  </testcase> <!-- @AfterMethod tearDown -->
  <testcase classname="testpackage.TVOLearnTests" name="@BeforeMethod initSetup" time="-1.715977448966E9">
    <skipped/>
  </testcase> <!-- @BeforeMethod initSetup -->
  <testcase classname="testpackage.TVOLearnTests" name="@AfterMethod tearDown" time="-1.715977448967E9">
    <skipped/>
  </testcase> <!-- @AfterMethod tearDown -->
  <testcase classname="testpackage.TVOLearnTests" name="@BeforeMethod initSetup" time="-1.715977448967E9">
    <skipped/>
  </testcase> <!-- @BeforeMethod initSetup -->
  <testcase classname="testpackage.TVOLearnTests" name="@AfterMethod tearDown" time="-1.715977448968E9">
    <skipped/>
  </testcase> <!-- @AfterMethod tearDown -->
  <testcase classname="testpackage.TVOLearnTests" name="@BeforeMethod initSetup" time="-1.715977448969E9">
    <skipped/>
  </testcase> <!-- @BeforeMethod initSetup -->
  <testcase classname="testpackage.TVOLearnTests" name="@AfterMethod tearDown" time="-1.715977448969E9">
    <skipped/>
  </testcase> <!-- @AfterMethod tearDown -->
  <testcase classname="testpackage.TVOLearnTests" name="@BeforeMethod initSetup" time="-1.71597744897E9">
    <skipped/>
  </testcase> <!-- @BeforeMethod initSetup -->
  <testcase classname="testpackage.TVOLearnTests" name="@AfterMethod tearDown" time="-1.71597744897E9">
    <skipped/>
  </testcase> <!-- @AfterMethod tearDown -->
  <testcase classname="testpackage.TVOLearnTests" name="@BeforeMethod initSetup" time="-1.715977448971E9">
    <skipped/>
  </testcase> <!-- @BeforeMethod initSetup -->
  <testcase classname="testpackage.TVOLearnTests" name="@AfterMethod tearDown" time="-1.715977448971E9">
    <skipped/>
  </testcase> <!-- @AfterMethod tearDown -->
  <testcase classname="testpackage.TVOLearnTests" name="@BeforeMethod initSetup" time="-1.715977448972E9">
    <skipped/>
  </testcase> <!-- @BeforeMethod initSetup -->
  <testcase classname="testpackage.TVOLearnTests" name="@AfterMethod tearDown" time="-1.715977448973E9">
    <skipped/>
  </testcase> <!-- @AfterMethod tearDown -->
  <testcase classname="testpackage.TVOLearnTests" name="@BeforeMethod initSetup" time="-1.715977448973E9">
    <skipped/>
  </testcase> <!-- @BeforeMethod initSetup -->
  <testcase classname="testpackage.TVOLearnTests" name="@AfterMethod tearDown" time="-1.715977448974E9">
    <skipped/>
  </testcase> <!-- @AfterMethod tearDown -->
  <testcase classname="testpackage.TVOLearnTests" name="@BeforeMethod initSetup" time="-1.715977448974E9">
    <skipped/>
  </testcase> <!-- @BeforeMethod initSetup -->
  <testcase classname="testpackage.TVOLearnTests" name="@AfterMethod tearDown" time="-1.715977448975E9">
    <skipped/>
  </testcase> <!-- @AfterMethod tearDown -->
  <testcase classname="testpackage.TVOLearnTests" name="@BeforeMethod initSetup" time="-1.715977448976E9">
    <skipped/>
  </testcase> <!-- @BeforeMethod initSetup -->
  <testcase classname="testpackage.TVOLearnTests" name="@AfterMethod tearDown" time="-1.715977448976E9">
    <skipped/>
  </testcase> <!-- @AfterMethod tearDown -->
  <testcase classname="testpackage.TVOLearnTests" name="verifyNavigationToSubjectPageTest" time="0.0">
    <skipped/>
  </testcase> <!-- verifyNavigationToSubjectPageTest -->
  <testcase classname="testpackage.TVOLearnTests" name="verifyHeadingsOnSubjectPageTest" time="0.0">
    <skipped/>
  </testcase> <!-- verifyHeadingsOnSubjectPageTest -->
  <testcase classname="testpackage.TVOLearnTests" name="verifyBreadcrumbMenuItems" time="0.0">
    <skipped/>
  </testcase> <!-- verifyBreadcrumbMenuItems -->
  <testcase classname="testpackage.TVOLearnTests" name="verifyCollaborationAndForTeachersHeadersNavigation" time="0.0">
    <skipped/>
  </testcase> <!-- verifyCollaborationAndForTeachersHeadersNavigation -->
  <testcase classname="testpackage.TVOLearnTests" name="verifyLearningResourcesNavigation" time="0.0">
    <skipped/>
  </testcase> <!-- verifyLearningResourcesNavigation -->
  <testcase classname="testpackage.TVOLearnTests" name="verifyLearningActivitiesSectionTest" time="0.0">
    <skipped/>
  </testcase> <!-- verifyLearningActivitiesSectionTest -->
  <testcase classname="testpackage.TVOLearnTests" name="verifyResourceLinksAndImages" time="0.0">
    <skipped/>
  </testcase> <!-- verifyResourceLinksAndImages -->
  <testcase classname="testpackage.TVOLearnTests" name="verifyTotalLessonsForGrade9To12" time="0.0">
    <skipped/>
  </testcase> <!-- verifyTotalLessonsForGrade9To12 -->
  <testcase classname="testpackage.TVOLearnTests" name="verifySubscribeSection" time="0.0">
    <skipped/>
  </testcase> <!-- verifySubscribeSection -->
  <testcase classname="testpackage.TVOLearnTests" name="verifyFooterItemsNavigation" time="0.0">
    <skipped/>
  </testcase> <!-- verifyFooterItemsNavigation -->
</testsuite> <!-- Surefire test -->
