<?xml version="1.0" encoding="UTF-8"?>
<!-- Generated by org.testng.reporters.JUnitXMLReporter -->
<testsuite ignored="0" hostname="DESKTOP-8HBP6N5" failures="1" tests="10" name="Chrome Tests" time="226.565" errors="0" timestamp="2024-05-20T19:15:00 EDT">
  <testcase classname="testpackage.TVOLearnTests" name="verifyNavigationToSubjectPageTest" time="38.345">
    <failure type="java.lang.AssertionError" message="The following asserts failed:
	expected [Grade 8 - Mathematics | TVO Learn] but found [Grade 8 Mathematics | TVO Learn]">
      <![CDATA[java.lang.AssertionError: The following asserts failed:
expected [Grade 8 - Mathematics | TVO Learn] but found [Grade 8 Mathematics | TVO Learn]
at testpackage.TVOLearnTests.verifyNavigationToSubjectPageTest(TVOLearnTests.java:81)
at java.base/java.util.ArrayList.forEach(ArrayList.java:1511)
... Removed 29 stack frames]]>
    </failure>
  </testcase> <!-- verifyNavigationToSubjectPageTest -->
  <testcase classname="testpackage.TVOLearnTests" name="verifyHeadingsOnSubjectPageTest" time="37.306"/>
  <testcase classname="testpackage.TVOLearnTests" name="verifyBreadcrumbMenuItems" time="13.141"/>
  <testcase classname="testpackage.TVOLearnTests" name="verifyCollaborationAndForTeachersHeadersNavigation" time="9.867"/>
  <testcase classname="testpackage.TVOLearnTests" name="verifyLearningResourcesNavigation" time="5.45"/>
  <testcase classname="testpackage.TVOLearnTests" name="verifyLearningActivitiesSectionTest" time="3.559"/>
  <testcase classname="testpackage.TVOLearnTests" name="verifyResourceLinksAndImages" time="3.619"/>
  <testcase classname="testpackage.TVOLearnTests" name="verifyTotalLessonsForGrade9To12" time="4.096"/>
  <testcase classname="testpackage.TVOLearnTests" name="verifySubscribeSection" time="6.21"/>
  <testcase classname="testpackage.TVOLearnTests" name="verifyFooterItemsNavigation" time="13.678"/>
</testsuite> <!-- Chrome Tests -->
