<?xml version="1.0" encoding="UTF-8"?>
<!-- Generated by org.testng.reporters.JUnitXMLReporter -->
<testsuite ignored="0" hostname="DESKTOP-8HBP6N5" failures="1" tests="10" name="Firefox Tests" time="405.285" errors="0" timestamp="2024-05-20T19:21:45 EDT">
  <testcase classname="testpackage.TVOLearnTests" name="verifyNavigationToSubjectPageTest" time="61.104">
    <failure type="org.openqa.selenium.NoSuchElementException" message="Unable to locate element: //div[contains(text(),&amp;apos;English&amp;apos;)]
For documentation on this error, please visit: https://www.selenium.dev/documentation/webdriver/troubleshooting/errors#no-such-element-exception
Build info: version: &amp;apos;4.18.1&amp;apos;, revision: &amp;apos;b1d3319b48&amp;apos;
System info: os.name: &amp;apos;Windows 11&amp;apos;, os.arch: &amp;apos;amd64&amp;apos;, os.version: &amp;apos;10.0&amp;apos;, java.version: &amp;apos;17.0.3.1&amp;apos;
Driver info: org.openqa.selenium.firefox.FirefoxDriver
Command: [ba94a91a-5915-4609-b245-7d00a3517d28, findElement {value=//div[contains(text(),&amp;apos;English&amp;apos;)], using=xpath}]
Capabilities {acceptInsecureCerts: true, browserName: firefox, browserVersion: 126.0, moz:accessibilityChecks: false, moz:buildID: 20240509170740, moz:debuggerAddress: 127.0.0.1:42847, moz:geckodriverVersion: 0.34.0, moz:headless: false, moz:platformVersion: 10.0, moz:processID: 18360, moz:profile: C:\Users\kashy\AppData\Loca..., moz:shutdownTimeout: 60000, moz:webdriverClick: true, moz:windowless: false, pageLoadStrategy: normal, platformName: windows, proxy: Proxy(), se:cdp: ws://127.0.0.1:42847/devtoo..., se:cdpVersion: 85.0, setWindowRect: true, strictFileInteractability: false, timeouts: {implicit: 0, pageLoad: 300000, script: 30000}, unhandledPromptBehavior: dismiss and notify, userAgent: Mozilla/5.0 (Windows NT 10....}
Session ID: ba94a91a-5915-4609-b245-7d00a3517d28">
      <![CDATA[org.openqa.selenium.NoSuchElementException: Unable to locate element: //div[contains(text(),'English')]
For documentation on this error, please visit: https://www.selenium.dev/documentation/webdriver/troubleshooting/errors#no-such-element-exception
Build info: version: '4.18.1', revision: 'b1d3319b48'
System info: os.name: 'Windows 11', os.arch: 'amd64', os.version: '10.0', java.version: '17.0.3.1'
Driver info: org.openqa.selenium.firefox.FirefoxDriver
Command: [ba94a91a-5915-4609-b245-7d00a3517d28, findElement {value=//div[contains(text(),'English')], using=xpath}]
Capabilities {acceptInsecureCerts: true, browserName: firefox, browserVersion: 126.0, moz:accessibilityChecks: false, moz:buildID: 20240509170740, moz:debuggerAddress: 127.0.0.1:42847, moz:geckodriverVersion: 0.34.0, moz:headless: false, moz:platformVersion: 10.0, moz:processID: 18360, moz:profile: C:\Users\kashy\AppData\Loca..., moz:shutdownTimeout: 60000, moz:webdriverClick: true, moz:windowless: false, pageLoadStrategy: normal, platformName: windows, proxy: Proxy(), se:cdp: ws://127.0.0.1:42847/devtoo..., se:cdpVersion: 85.0, setWindowRect: true, strictFileInteractability: false, timeouts: {implicit: 0, pageLoad: 300000, script: 30000}, unhandledPromptBehavior: dismiss and notify, userAgent: Mozilla/5.0 (Windows NT 10....}
Session ID: ba94a91a-5915-4609-b245-7d00a3517d28
at org.openqa.selenium.remote.ErrorCodec.decode(ErrorCodec.java:167)
at org.openqa.selenium.remote.codec.w3c.W3CHttpResponseCodec.decode(W3CHttpResponseCodec.java:138)
at org.openqa.selenium.remote.codec.w3c.W3CHttpResponseCodec.decode(W3CHttpResponseCodec.java:50)
at org.openqa.selenium.remote.HttpCommandExecutor.execute(HttpCommandExecutor.java:190)
at org.openqa.selenium.remote.service.DriverCommandExecutor.invokeExecute(DriverCommandExecutor.java:216)
at org.openqa.selenium.remote.service.DriverCommandExecutor.execute(DriverCommandExecutor.java:174)
at org.openqa.selenium.remote.RemoteWebDriver.execute(RemoteWebDriver.java:519)
at org.openqa.selenium.remote.ElementLocation$ElementFinder$2.findElement(ElementLocation.java:165)
at org.openqa.selenium.remote.ElementLocation.findElement(ElementLocation.java:59)
at org.openqa.selenium.remote.RemoteWebDriver.findElement(RemoteWebDriver.java:356)
at org.openqa.selenium.remote.RemoteWebDriver.findElement(RemoteWebDriver.java:350)
at pagespackage.GradePage.selectSubjectCard(GradePage.java:22)
at testpackage.TVOLearnTests.verifyNavigationToSubjectPageTest(TVOLearnTests.java:76)
at java.base/java.util.ArrayList.forEach(ArrayList.java:1511)
... Removed 32 stack frames]]>
    </failure>
  </testcase> <!-- verifyNavigationToSubjectPageTest -->
  <testcase classname="testpackage.TVOLearnTests" name="verifyHeadingsOnSubjectPageTest" time="79.74"/>
  <testcase classname="testpackage.TVOLearnTests" name="verifyBreadcrumbMenuItems" time="25.642"/>
  <testcase classname="testpackage.TVOLearnTests" name="verifyCollaborationAndForTeachersHeadersNavigation" time="17.806"/>
  <testcase classname="testpackage.TVOLearnTests" name="verifyLearningResourcesNavigation" time="9.248"/>
  <testcase classname="testpackage.TVOLearnTests" name="verifyLearningActivitiesSectionTest" time="6.213"/>
  <testcase classname="testpackage.TVOLearnTests" name="verifyResourceLinksAndImages" time="5.282"/>
  <testcase classname="testpackage.TVOLearnTests" name="verifyTotalLessonsForGrade9To12" time="5.555"/>
  <testcase classname="testpackage.TVOLearnTests" name="verifySubscribeSection" time="9.106"/>
  <testcase classname="testpackage.TVOLearnTests" name="verifyFooterItemsNavigation" time="25.616"/>
</testsuite> <!-- Firefox Tests -->
