<?xml version="1.0" encoding="UTF-8"?>
<!-- Generated by org.testng.reporters.JUnitReportReporter -->
<testsuite hostname="DESKTOP-8HBP6N5" failures="0" tests="11" name="testpackage.TVOLearnTests" time="-1715977472.000" errors="1" timestamp="2024-05-17T16:24:09 EDT" skipped="10">
  <testcase classname="testpackage.TVOLearnTests" name="initSetup" time="-1715977472.000">
    <error message="
Parameter &#039;browserName&#039; is required by BeforeMethod on method initSetup but has not been marked @Optional or defined
" type="org.testng.TestNGException">
      <![CDATA[org.testng.TestNGException: 
Parameter 'browserName' is required by BeforeMethod on method initSetup but has not been marked @Optional or defined

at org.testng.internal.Parameters.createParams(Parameters.java:270)
at org.testng.internal.Parameters.createParametersForMethod(Parameters.java:358)
at org.testng.internal.Parameters.createParameters(Parameters.java:700)
at org.testng.internal.Parameters.createConfigurationParameters(Parameters.java:168)
at org.testng.internal.ConfigInvoker.invokeConfigurations(ConfigInvoker.java:302)
at org.testng.internal.TestInvoker.runConfigMethods(TestInvoker.java:700)
at org.testng.internal.TestInvoker.invokeMethod(TestInvoker.java:527)
at org.testng.internal.TestInvoker.invokeTestMethod(TestInvoker.java:173)
at org.testng.internal.MethodRunner.runInSequence(MethodRunner.java:46)
at org.testng.internal.TestInvoker$MethodInvocationAgent.invoke(TestInvoker.java:824)
at org.testng.internal.TestInvoker.invokeTestMethods(TestInvoker.java:146)
at org.testng.internal.TestMethodWorker.invokeTestMethods(TestMethodWorker.java:146)
at org.testng.internal.TestMethodWorker.run(TestMethodWorker.java:128)
at java.base/java.util.ArrayList.forEach(ArrayList.java:1511)
at org.testng.TestRunner.privateRun(TestRunner.java:794)
at org.testng.TestRunner.run(TestRunner.java:596)
at org.testng.SuiteRunner.runTest(SuiteRunner.java:377)
at org.testng.SuiteRunner.runSequentially(SuiteRunner.java:371)
at org.testng.SuiteRunner.privateRun(SuiteRunner.java:332)
at org.testng.SuiteRunner.run(SuiteRunner.java:276)
at org.testng.SuiteRunnerWorker.runSuite(SuiteRunnerWorker.java:53)
at org.testng.SuiteRunnerWorker.run(SuiteRunnerWorker.java:96)
at org.testng.TestNG.runSuitesSequentially(TestNG.java:1212)
at org.testng.TestNG.runSuitesLocally(TestNG.java:1134)
at org.testng.TestNG.runSuites(TestNG.java:1063)
at org.testng.TestNG.run(TestNG.java:1031)
at org.apache.maven.surefire.testng.TestNGExecutor.run(TestNGExecutor.java:155)
at org.apache.maven.surefire.testng.TestNGDirectoryTestSuite.executeSingleClass(TestNGDirectoryTestSuite.java:102)
at org.apache.maven.surefire.testng.TestNGDirectoryTestSuite.execute(TestNGDirectoryTestSuite.java:91)
at org.apache.maven.surefire.testng.TestNGProvider.invoke(TestNGProvider.java:137)
at org.apache.maven.surefire.booter.ForkedBooter.runSuitesInProcess(ForkedBooter.java:385)
at org.apache.maven.surefire.booter.ForkedBooter.execute(ForkedBooter.java:162)
at org.apache.maven.surefire.booter.ForkedBooter.run(ForkedBooter.java:507)
at org.apache.maven.surefire.booter.ForkedBooter.main(ForkedBooter.java:495)
]]>
    </error>
  </testcase> <!-- initSetup -->
  <system-out/>
  <testcase classname="testpackage.TVOLearnTests" name="verifyNavigationToSubjectPageTest" time="0.000">
    <skipped/>
  </testcase> <!-- verifyNavigationToSubjectPageTest -->
  <system-out/>
  <testcase classname="testpackage.TVOLearnTests" name="verifyHeadingsOnSubjectPageTest" time="0.000">
    <skipped/>
  </testcase> <!-- verifyHeadingsOnSubjectPageTest -->
  <system-out/>
  <testcase classname="testpackage.TVOLearnTests" name="verifyBreadcrumbMenuItems" time="0.000">
    <skipped/>
  </testcase> <!-- verifyBreadcrumbMenuItems -->
  <system-out/>
  <testcase classname="testpackage.TVOLearnTests" name="verifyCollaborationAndForTeachersHeadersNavigation" time="0.000">
    <skipped/>
  </testcase> <!-- verifyCollaborationAndForTeachersHeadersNavigation -->
  <system-out/>
  <testcase classname="testpackage.TVOLearnTests" name="verifyLearningResourcesNavigation" time="0.000">
    <skipped/>
  </testcase> <!-- verifyLearningResourcesNavigation -->
  <system-out/>
  <testcase classname="testpackage.TVOLearnTests" name="verifyLearningActivitiesSectionTest" time="0.000">
    <skipped/>
  </testcase> <!-- verifyLearningActivitiesSectionTest -->
  <system-out/>
  <testcase classname="testpackage.TVOLearnTests" name="verifyResourceLinksAndImages" time="0.000">
    <skipped/>
  </testcase> <!-- verifyResourceLinksAndImages -->
  <system-out/>
  <testcase classname="testpackage.TVOLearnTests" name="verifyTotalLessonsForGrade9To12" time="0.000">
    <skipped/>
  </testcase> <!-- verifyTotalLessonsForGrade9To12 -->
  <system-out/>
  <testcase classname="testpackage.TVOLearnTests" name="verifySubscribeSection" time="0.000">
    <skipped/>
  </testcase> <!-- verifySubscribeSection -->
  <system-out/>
  <testcase classname="testpackage.TVOLearnTests" name="verifyFooterItemsNavigation" time="0.000">
    <skipped/>
  </testcase> <!-- verifyFooterItemsNavigation -->
  <system-out/>
</testsuite> <!-- testpackage.TVOLearnTests -->
